Start testing: Nov 19 14:52 CET
----------------------------------------------------------
Unable to find executable: order_book_basic_tests_NOT_BUILT
1/1 Testing: order_book_basic_tests_NOT_BUILT
1/1 Test: order_book_basic_tests_NOT_BUILT
Command: ""
Directory: /root/cpp-trading-core/build
"order_book_basic_tests_NOT_BUILT" start time: 
Output:
----------------------------------------------------------
<end of output>
Test time =   0.00 sec
----------------------------------------------------------
Test Passed.
"order_book_basic_tests_NOT_BUILT" end time: Nov 19 14:52 CET
"order_book_basic_tests_NOT_BUILT" time elapsed: 00:00:00
----------------------------------------------------------

End testing: Nov 19 14:52 CET
